This is pdfTeX, Version 3.141592653-2.6-1.40.25 (MiKTeX 23.10) (preloaded format=pdflatex 2023.10.29)  29 OCT 2023 00:14
entering extended mode
 restricted \write18 enabled.
 %&-line parsing enabled.
**./Opis_projektnog_zadatka.tex
(Opis_projektnog_zadatka.tex
LaTeX2e <2023-06-01> patch level 1
L3 programming layer <2023-08-29>
! Undefined control sequence.
l.1 \chapter
            {Opis projektnog zadatka}
The control sequence at the end of the top line
of your error message was never \def'ed. If you have
misspelled it (e.g., `\hobx'), type `I' and the correct
spelling (e.g., `I\hbox'). Otherwise just continue,
and I'll forget about whatever was undefined.


! LaTeX Error: Missing \begin{document}.

See the LaTeX manual or LaTeX Companion for explanation.
Type  H <return>  for immediate help.
 ...                                              
                                                  
l.1 \chapter{O
              pis projektnog zadatka}
You're in trouble here.  Try typing  <return>  to proceed.
If that doesn't work, type  X <return>  to quit.

Missing character: There is no O in font nullfont!
Missing character: There is no p in font nullfont!
Missing character: There is no i in font nullfont!
Missing character: There is no s in font nullfont!
Missing character: There is no p in font nullfont!
Missing character: There is no r in font nullfont!
Missing character: There is no o in font nullfont!
Missing character: There is no j in font nullfont!
Missing character: There is no e in font nullfont!
Missing character: There is no k in font nullfont!
Missing character: There is no t in font nullfont!
Missing character: There is no n in font nullfont!
Missing character: There is no o in font nullfont!
Missing character: There is no g in font nullfont!
Missing character: There is no z in font nullfont!
Missing character: There is no a in font nullfont!
Missing character: There is no d in font nullfont!
Missing character: There is no a in font nullfont!
Missing character: There is no t in font nullfont!
Missing character: There is no k in font nullfont!
Missing character: There is no a in font nullfont!

Overfull \hbox (20.0pt too wide) in paragraph at lines 1--2
[]
 []


! LaTeX Error: Missing \begin{document}.

See the LaTeX manual or LaTeX Companion for explanation.
Type  H <return>  for immediate help.
 ...                                              
                                                  
l.3 		\textbf{\textit{dio 1. revizije}}
                                       \\
You're in trouble here.  Try typing  <return>  to proceed.
If that doesn't work, type  X <return>  to quit.


Overfull \hbox (35.37761pt too wide) in paragraph at lines 3--4
[]\OT1/cmr/bx/it/10 dio
 []


Overfull \hbox (9.46657pt too wide) in paragraph at lines 3--4
\OT1/cmr/bx/it/10 1.
 []


Overfull \hbox (13.89432pt too wide) in paragraph at lines 3--4
\OT1/cmr/bx/it/10 re-
 []


Overfull \hbox (17.92761pt too wide) in paragraph at lines 3--4
\OT1/cmr/bx/it/10 viz-
 []


Overfull \hbox (13.28322pt too wide) in paragraph at lines 3--4
\OT1/cmr/bx/it/10 ije 
 []

! Undefined control sequence.
l.5 		\section
              {Potencijalna korist ovog projekta}
The control sequence at the end of the top line
of your error message was never \def'ed. If you have
misspelled it (e.g., `\hobx'), type `I' and the correct
spelling (e.g., `I\hbox'). Otherwise just continue,
and I'll forget about whatever was undefined.


! LaTeX Error: Missing \begin{document}.

See the LaTeX manual or LaTeX Companion for explanation.
Type  H <return>  for immediate help.
 ...                                              
                                                  
l.5 		\section{P
                otencijalna korist ovog projekta}
You're in trouble here.  Try typing  <return>  to proceed.
If that doesn't work, type  X <return>  to quit.

Missing character: There is no P in font nullfont!
Missing character: There is no o in font nullfont!
Missing character: There is no t in font nullfont!
Missing character: There is no e in font nullfont!
Missing character: There is no n in font nullfont!
Missing character: There is no c in font nullfont!
Missing character: There is no i in font nullfont!
Missing character: There is no j in font nullfont!
Missing character: There is no a in font nullfont!
Missing character: There is no l in font nullfont!
Missing character: There is no n in font nullfont!
Missing character: There is no a in font nullfont!
Missing character: There is no k in font nullfont!
Missing character: There is no o in font nullfont!
Missing character: There is no r in font nullfont!
Missing character: There is no i in font nullfont!
Missing character: There is no s in font nullfont!
Missing character: There is no t in font nullfont!
Missing character: There is no o in font nullfont!
Missing character: There is no v in font nullfont!
Missing character: There is no o in font nullfont!
Missing character: There is no g in font nullfont!
Missing character: There is no p in font nullfont!
Missing character: There is no r in font nullfont!
Missing character: There is no o in font nullfont!
Missing character: There is no j in font nullfont!
Missing character: There is no e in font nullfont!
Missing character: There is no k in font nullfont!
Missing character: There is no t in font nullfont!
Missing character: There is no a in font nullfont!

Overfull \hbox (20.0pt too wide) in paragraph at lines 5--6
[]
 []


! LaTeX Error: Missing \begin{document}.

See the LaTeX manual or LaTeX Companion for explanation.
Type  H <return>  for immediate help.
 ...                                              
                                                  
l.7 ...ti hrenovke?", mogu ga postaviti anonimno.}
                                                  
You're in trouble here.  Try typing  <return>  to proceed.
If that doesn't work, type  X <return>  to quit.


! LaTeX Error: Command \dj unavailable in encoding OT1.

See the LaTeX manual or LaTeX Companion for explanation.
Type  H <return>  for immediate help.
 ...                                              
                                                  
l.7 ...ti hrenovke?", mogu ga postaviti anonimno.}
                                                  
Your command was ignored.
Type  I <command> <return>  to replace it with another command,
or  <return>  to continue without it.


Overfull \hbox (27.43329pt too wide) in paragraph at lines 7--8
[]\OT1/cmr/m/it/10 U
 []


Overfull \hbox (38.33311pt too wide) in paragraph at lines 7--8
\OT1/cmr/m/it/10 dana^^Tsnje
 []


Overfull \hbox (22.48874pt too wide) in paragraph at lines 7--8
\OT1/cmr/m/it/10 doba,
 []


Overfull \hbox (32.45538pt too wide) in paragraph at lines 7--8
\OT1/cmr/m/it/10 ljudima
 []


Overfull \hbox (7.66661pt too wide) in paragraph at lines 7--8
\OT1/cmr/m/it/10 je
 []


Overfull \hbox (34.75533pt too wide) in paragraph at lines 7--8
\OT1/cmr/m/it/10 ponekad
 []


Overfull \hbox (21.72206pt too wide) in paragraph at lines 7--8
\OT1/cmr/m/it/10 te^^Tsko
 []


Overfull \hbox (32.32756pt too wide) in paragraph at lines 7--8
\OT1/cmr/m/it/10 prona^^Sci
 []


Overfull \hbox (23.89427pt too wide) in paragraph at lines 7--8
\OT1/cmr/m/it/10 druge
 []


Overfull \hbox (28.11095pt too wide) in paragraph at lines 7--8
\OT1/cmr/m/it/10 sli^^Tcnih
 []


Overfull \hbox (12.26659pt too wide) in paragraph at lines 7--8
\OT1/cmr/m/it/10 in-
 []


Overfull \hbox (28.49422pt too wide) in paragraph at lines 7--8
\OT1/cmr/m/it/10 teresa.
 []


Overfull \hbox (26.8554pt too wide) in paragraph at lines 7--8
\OT1/cmr/m/it/10 Kuha-
 []


Overfull \hbox (14.07768pt too wide) in paragraph at lines 7--8
\OT1/cmr/m/it/10 jIT
 []


Overfull \hbox (7.66661pt too wide) in paragraph at lines 7--8
\OT1/cmr/m/it/10 je
 []


Overfull \hbox (19.67764pt too wide) in paragraph at lines 7--8
\OT1/cmr/m/it/10 plat-
 []


Overfull \hbox (25.68318pt too wide) in paragraph at lines 7--8
\OT1/cmr/m/it/10 forma
 []


Overfull \hbox (14.05547pt too wide) in paragraph at lines 7--8
\OT1/cmr/m/it/10 up-
 []


Overfull \hbox (18.52763pt too wide) in paragraph at lines 7--8
\OT1/cmr/m/it/10 ravo
 []


Overfull \hbox (9.19995pt too wide) in paragraph at lines 7--8
\OT1/cmr/m/it/10 za
 []


Overfull \hbox (46.12749pt too wide) in paragraph at lines 7--8
\OT1/cmr/m/it/10 pronalazak
 []


Overfull \hbox (19.16656pt too wide) in paragraph at lines 7--8
\OT1/cmr/m/it/10 ljudi
 []


Overfull \hbox (15.84435pt too wide) in paragraph at lines 7--8
\OT1/cmr/m/it/10 koji
 []


Overfull \hbox (11.75548pt too wide) in paragraph at lines 7--8
\OT1/cmr/m/it/10 di-
 []


Overfull \hbox (14.82211pt too wide) in paragraph at lines 7--8
\OT1/cmr/m/it/10 jele
 []


Overfull \hbox (12.26659pt too wide) in paragraph at lines 7--8
\OT1/cmr/m/it/10 in-
 []


Overfull \hbox (20.31648pt too wide) in paragraph at lines 7--8
\OT1/cmr/m/it/10 teres
 []


Overfull \hbox (9.19995pt too wide) in paragraph at lines 7--8
\OT1/cmr/m/it/10 za
 []


Overfull \hbox (29.3887pt too wide) in paragraph at lines 7--8
\OT1/cmr/m/it/10 kuhan-
 []


Overfull \hbox (18.911pt too wide) in paragraph at lines 7--8
\OT1/cmr/m/it/10 jem,
 []


Overfull \hbox (14.56657pt too wide) in paragraph at lines 7--8
\OT1/cmr/m/it/10 nu-
 []


Overfull \hbox (14.18321pt too wide) in paragraph at lines 7--8
\OT1/cmr/m/it/10 tri-
 []


Overfull \hbox (29.13315pt too wide) in paragraph at lines 7--8
\OT1/cmr/m/it/10 cioniz-
 []


Overfull \hbox (21.46655pt too wide) in paragraph at lines 7--8
\OT1/cmr/m/it/10 mom
 []


Overfull \hbox (3.06665pt too wide) in paragraph at lines 7--8
\OT1/cmr/m/it/10 i
 []


Overfull \hbox (22.99985pt too wide) in paragraph at lines 7--8
\OT1/cmr/m/it/10 ukus-
 []


Overfull \hbox (18.91101pt too wide) in paragraph at lines 7--8
\OT1/cmr/m/it/10 nom
 []


Overfull \hbox (17.50542pt too wide) in paragraph at lines 7--8
\OT1/cmr/m/it/10 hra-
 []


Overfull \hbox (21.97766pt too wide) in paragraph at lines 7--8
\OT1/cmr/m/it/10 nom.
 []


Overfull \hbox (15.84435pt too wide) in paragraph at lines 7--8
\OT1/cmr/m/it/10 Cilj
 []


Overfull \hbox (18.91096pt too wide) in paragraph at lines 7--8
\OT1/cmr/m/it/10 ovog
 []


Overfull \hbox (17.50542pt too wide) in paragraph at lines 7--8
\OT1/cmr/m/it/10 pro-
 []


Overfull \hbox (20.69984pt too wide) in paragraph at lines 7--8
\OT1/cmr/m/it/10 jekta
 []


Overfull \hbox (7.66661pt too wide) in paragraph at lines 7--8
\OT1/cmr/m/it/10 je
 []


Overfull \hbox (26.9609pt too wide) in paragraph at lines 7--8
\OT1/cmr/m/it/10 razviti
 []


Overfull \hbox (8.68883pt too wide) in paragraph at lines 7--8
\OT1/cmr/m/it/10 tu
 []


Overfull \hbox (19.67764pt too wide) in paragraph at lines 7--8
\OT1/cmr/m/it/10 plat-
 []


Overfull \hbox (25.93874pt too wide) in paragraph at lines 7--8
\OT1/cmr/m/it/10 formu
 []


Overfull \hbox (3.06665pt too wide) in paragraph at lines 7--8
\OT1/cmr/m/it/10 i
 []


Overfull \hbox (28.11093pt too wide) in paragraph at lines 7--8
\OT1/cmr/m/it/10 u^^Tciniti
 []


Overfull \hbox (8.43329pt too wide) in paragraph at lines 7--8
\OT1/cmr/m/it/10 ju
 []


Overfull \hbox (12.52214pt too wide) in paragraph at lines 7--8
\OT1/cmr/m/it/10 ^^Tsto
 []


Overfull \hbox (29.64427pt too wide) in paragraph at lines 7--8
\OT1/cmr/m/it/10 lak^^Tsom
 []


Overfull \hbox (9.19995pt too wide) in paragraph at lines 7--8
\OT1/cmr/m/it/10 za
 []


Overfull \hbox (45.3608pt too wide) in paragraph at lines 7--8
\OT1/cmr/m/it/10 kori^^Tstenje,
 []


Overfull \hbox (19.42209pt too wide) in paragraph at lines 7--8
\OT1/cmr/m/it/10 kako
 []


Overfull \hbox (7.66661pt too wide) in paragraph at lines 7--8
\OT1/cmr/m/it/10 bi
 []


Overfull \hbox (40.76086pt too wide) in paragraph at lines 7--8
\OT1/cmr/m/it/10 kuharima
 []


Overfull \hbox (13.7999pt too wide) in paragraph at lines 7--8
\OT1/cmr/m/it/10 en-
 []


Overfull \hbox (16.35544pt too wide) in paragraph at lines 7--8
\OT1/cmr/m/it/10 tuz-
 []


Overfull \hbox (6.6444pt too wide) in paragraph at lines 7--8
\OT1/cmr/m/it/10 i-
 []


Overfull \hbox (15.84435pt too wide) in paragraph at lines 7--8
\OT1/cmr/m/it/10 jas-
 []


Overfull \hbox (19.67766pt too wide) in paragraph at lines 7--8
\OT1/cmr/m/it/10 tima
 []


Overfull \hbox (7.92215pt too wide) in paragraph at lines 7--8
\OT1/cmr/m/it/10 te
 []


Overfull \hbox (14.56657pt too wide) in paragraph at lines 7--8
\OT1/cmr/m/it/10 nu-
 []


Overfull \hbox (14.18321pt too wide) in paragraph at lines 7--8
\OT1/cmr/m/it/10 tri-
 []


Overfull \hbox (29.13315pt too wide) in paragraph at lines 7--8
\OT1/cmr/m/it/10 cionis-
 []


Overfull \hbox (19.67766pt too wide) in paragraph at lines 7--8
\OT1/cmr/m/it/10 tima
 []


Overfull \hbox (21.46652pt too wide) in paragraph at lines 7--8
\OT1/cmr/m/it/10 mak-
 []


Overfull \hbox (10.73326pt too wide) in paragraph at lines 7--8
\OT1/cmr/m/it/10 si-
 []


Overfull \hbox (26.57764pt too wide) in paragraph at lines 7--8
\OT1/cmr/m/it/10 malno
 []


Overfull \hbox (11.49992pt too wide) in paragraph at lines 7--8
\OT1/cmr/m/it/10 ul-
 []


Overfull \hbox (27.59984pt too wide) in paragraph at lines 7--8
\OT1/cmr/m/it/10 jep^^Tsali
 []


Overfull \hbox (3.06665pt too wide) in paragraph at lines 7--8
\OT1/cmr/m/it/10 i
 []


Overfull \hbox (13.28879pt too wide) in paragraph at lines 7--8
\OT1/cmr/m/it/10 po-
 []


Overfull \hbox (15.84431pt too wide) in paragraph at lines 7--8
\OT1/cmr/m/it/10 jed-
 []


Overfull \hbox (18.39989pt too wide) in paragraph at lines 7--8
\OT1/cmr/m/it/10 nos-
 []


Overfull \hbox (21.72208pt too wide) in paragraph at lines 7--8
\OT1/cmr/m/it/10 tavili
 []


Overfull \hbox (42.29414pt too wide) in paragraph at lines 7--8
\OT1/cmr/m/it/10 kori^^Tstenje
 []


Overfull \hbox (19.67764pt too wide) in paragraph at lines 7--8
\OT1/cmr/m/it/10 plat-
 []


Overfull \hbox (28.23871pt too wide) in paragraph at lines 7--8
\OT1/cmr/m/it/10 forme.
 []


Overfull \hbox (18.3999pt too wide) in paragraph at lines 7--8
\OT1/cmr/m/it/10 Ono
 []


Overfull \hbox (12.52214pt too wide) in paragraph at lines 7--8
\OT1/cmr/m/it/10 ^^Tsto
 []


Overfull \hbox (25.0443pt too wide) in paragraph at lines 7--8
\OT1/cmr/m/it/10 bismo
 []


Overfull \hbox (24.14981pt too wide) in paragraph at lines 7--8
\OT1/cmr/m/it/10 razvi-
 []


Overfull \hbox (17.37767pt too wide) in paragraph at lines 7--8
\OT1/cmr/m/it/10 jan-
 []


Overfull \hbox (15.84435pt too wide) in paragraph at lines 7--8
\OT1/cmr/m/it/10 jem
 []


Overfull \hbox (19.67764pt too wide) in paragraph at lines 7--8
\OT1/cmr/m/it/10 plat-
 []


Overfull \hbox (25.17206pt too wide) in paragraph at lines 7--8
\OT1/cmr/m/it/10 forme
 []


Overfull \hbox (26.8554pt too wide) in paragraph at lines 7--8
\OT1/cmr/m/it/10 Kuha-
 []


Overfull \hbox (14.07768pt too wide) in paragraph at lines 7--8
\OT1/cmr/m/it/10 jIT
 []


Overfull \hbox (13.79991pt too wide) in paragraph at lines 7--8
\OT1/cmr/m/it/10 do-
 []


Overfull \hbox (13.2888pt too wide) in paragraph at lines 7--8
\OT1/cmr/m/it/10 bili
 []


Overfull \hbox (15.07767pt too wide) in paragraph at lines 7--8
\OT1/cmr/m/it/10 jest
 []


Overfull \hbox (12.77766pt too wide) in paragraph at lines 7--8
\OT1/cmr/m/it/10 ve-
 []


Overfull \hbox (15.33324pt too wide) in paragraph at lines 7--8
\OT1/cmr/m/it/10 lika
 []


Overfull \hbox (12.7777pt too wide) in paragraph at lines 7--8
\OT1/cmr/m/it/10 za-
 []


Overfull \hbox (15.84431pt too wide) in paragraph at lines 7--8
\OT1/cmr/m/it/10 jed-
 []


Overfull \hbox (17.88876pt too wide) in paragraph at lines 7--8
\OT1/cmr/m/it/10 nica
 []


Overfull \hbox (19.16656pt too wide) in paragraph at lines 7--8
\OT1/cmr/m/it/10 ljudi
 []


Overfull \hbox (15.84435pt too wide) in paragraph at lines 7--8
\OT1/cmr/m/it/10 koji
 []


Overfull \hbox (24.66093pt too wide) in paragraph at lines 7--8
\OT1/cmr/m/it/10 razm-
 []


Overfull \hbox (16.86655pt too wide) in paragraph at lines 7--8
\OT1/cmr/m/it/10 jen-
 []


Overfull \hbox (16.86658pt too wide) in paragraph at lines 7--8
\OT1/cmr/m/it/10 juju
 []


Overfull \hbox (37.31087pt too wide) in paragraph at lines 7--8
\OT1/cmr/m/it/10 iskustva,
 []


Overfull \hbox (11.88321pt too wide) in paragraph at lines 7--8
\OT1/cmr/m/it/10 re-
 []


Overfull \hbox (24.78868pt too wide) in paragraph at lines 7--8
\OT1/cmr/m/it/10 cepte,
 []


Overfull \hbox (20.44432pt too wide) in paragraph at lines 7--8
\OT1/cmr/m/it/10 nova
 []


Overfull \hbox (16.86656pt too wide) in paragraph at lines 7--8
\OT1/cmr/m/it/10 saz-
 []


Overfull \hbox (24.5332pt too wide) in paragraph at lines 7--8
\OT1/cmr/m/it/10 nanja
 []


Overfull \hbox (5.11108pt too wide) in paragraph at lines 7--8
\OT1/cmr/m/it/10 o
 []


Overfull \hbox (14.56657pt too wide) in paragraph at lines 7--8
\OT1/cmr/m/it/10 nu-
 []


Overfull \hbox (14.18321pt too wide) in paragraph at lines 7--8
\OT1/cmr/m/it/10 tri-
 []


Overfull \hbox (27.85538pt too wide) in paragraph at lines 7--8
\OT1/cmr/m/it/10 tivnim
 []


Overfull \hbox (15.46098pt too wide) in paragraph at lines 7--8
\OT1/cmr/m/it/10 vri-
 []


Overfull \hbox (15.84431pt too wide) in paragraph at lines 7--8
\OT1/cmr/m/it/10 jed-
 []


Overfull \hbox (18.39989pt too wide) in paragraph at lines 7--8
\OT1/cmr/m/it/10 nos-
 []


Overfull \hbox (22.74431pt too wide) in paragraph at lines 7--8
\OT1/cmr/m/it/10 tima,
 []


Overfull \hbox (3.06665pt too wide) in paragraph at lines 7--8
\OT1/cmr/m/it/10 i
 []


Overfull \hbox (13.28879pt too wide) in paragraph at lines 7--8
\OT1/cmr/m/it/10 sve
 []


Overfull \hbox (11.24438pt too wide) in paragraph at lines 7--8
\OT1/cmr/m/it/10 im
 []


Overfull \hbox (7.66661pt too wide) in paragraph at lines 7--8
\OT1/cmr/m/it/10 je
 []


Overfull \hbox (8.43327pt too wide) in paragraph at lines 7--8
\OT1/cmr/m/it/10 to
 []


Overfull \hbox (24.53319pt too wide) in paragraph at lines 7--8
\OT1/cmr/m/it/10 nado-
 []


Overfull \hbox (8.68883pt too wide) in paragraph at lines 7--8
\OT1/cmr/m/it/10 h-
 []


Overfull \hbox (13.03323pt too wide) in paragraph at lines 7--8
\OT1/cmr/m/it/10 vat
 []


Overfull \hbox (21.84984pt too wide) in paragraph at lines 7--8
\OT1/cmr/m/it/10 ruke,
 []


Overfull \hbox (21.72209pt too wide) in paragraph at lines 7--8
\OT1/cmr/m/it/10 udal-
 []


Overfull \hbox (18.39989pt too wide) in paragraph at lines 7--8
\OT1/cmr/m/it/10 jeno
 []


Overfull \hbox (22.48877pt too wide) in paragraph at lines 7--8
\OT1/cmr/m/it/10 samo
 []


Overfull \hbox (23.51094pt too wide) in paragraph at lines 7--8
\OT1/cmr/m/it/10 neko-
 []


Overfull \hbox (15.33324pt too wide) in paragraph at lines 7--8
\OT1/cmr/m/it/10 liko
 []


Overfull \hbox (29.64424pt too wide) in paragraph at lines 7--8
\OT1/cmr/m/it/10 klikova
 []


Overfull \hbox (23.51099pt too wide) in paragraph at lines 7--8
\OT1/cmr/m/it/10 mi^^Tsa.
 []


Overfull \hbox (33.09421pt too wide) in paragraph at lines 7--8
\OT1/cmr/m/it/10 Takoer,
 []


Overfull \hbox (26.8554pt too wide) in paragraph at lines 7--8
\OT1/cmr/m/it/10 Kuha-
 []


Overfull \hbox (14.07768pt too wide) in paragraph at lines 7--8
\OT1/cmr/m/it/10 jIT
 []


Overfull \hbox (7.66661pt too wide) in paragraph at lines 7--8
\OT1/cmr/m/it/10 bi
 []


Overfull \hbox (15.33324pt too wide) in paragraph at lines 7--8
\OT1/cmr/m/it/10 bila
 []


Overfull \hbox (30.79425pt too wide) in paragraph at lines 7--8
\OT1/cmr/m/it/10 izvrsna
 []


Overfull \hbox (19.67764pt too wide) in paragraph at lines 7--8
\OT1/cmr/m/it/10 plat-
 []


Overfull \hbox (25.68318pt too wide) in paragraph at lines 7--8
\OT1/cmr/m/it/10 forma
 []


Overfull \hbox (9.19995pt too wide) in paragraph at lines 7--8
\OT1/cmr/m/it/10 za
 []


Overfull \hbox (15.33324pt too wide) in paragraph at lines 7--8
\OT1/cmr/m/it/10 one
 []


Overfull \hbox (15.84435pt too wide) in paragraph at lines 7--8
\OT1/cmr/m/it/10 koji
 []


Overfull \hbox (10.22215pt too wide) in paragraph at lines 7--8
\OT1/cmr/m/it/10 ne
 []


Overfull \hbox (23.25543pt too wide) in paragraph at lines 7--8
\OT1/cmr/m/it/10 znaju
 []


Overfull \hbox (26.5776pt too wide) in paragraph at lines 7--8
\OT1/cmr/m/it/10 kuhati
 []


Overfull \hbox (8.68884pt too wide) in paragraph at lines 7--8
\OT1/cmr/m/it/10 ili
 []


Overfull \hbox (15.84433pt too wide) in paragraph at lines 7--8
\OT1/cmr/m/it/10 ^^Tzele
 []


Overfull \hbox (13.03325pt too wide) in paragraph at lines 7--8
\OT1/cmr/m/it/10 us-
 []


Overfull \hbox (27.47203pt too wide) in paragraph at lines 7--8
\OT1/cmr/m/it/10 avr^^Tsiti
 []


Overfull \hbox (21.46652pt too wide) in paragraph at lines 7--8
\OT1/cmr/m/it/10 svoje
 []


Overfull \hbox (32.96643pt too wide) in paragraph at lines 7--8
\OT1/cmr/m/it/10 vje^^Tstine
 []


Overfull \hbox (37.05534pt too wide) in paragraph at lines 7--8
\OT1/cmr/m/it/10 kuhanja,
 []


Overfull \hbox (10.73328pt too wide) in paragraph at lines 7--8
\OT1/cmr/m/it/10 no
 []


Overfull \hbox (10.22215pt too wide) in paragraph at lines 7--8
\OT1/cmr/m/it/10 ne
 []


Overfull \hbox (23.25543pt too wide) in paragraph at lines 7--8
\OT1/cmr/m/it/10 znaju
 []


Overfull \hbox (23.51096pt too wide) in paragraph at lines 7--8
\OT1/cmr/m/it/10 otkud
 []


Overfull \hbox (25.2998pt too wide) in paragraph at lines 7--8
\OT1/cmr/m/it/10 po^^Tceti
 []


Overfull \hbox (3.06665pt too wide) in paragraph at lines 7--8
\OT1/cmr/m/it/10 i
 []


Overfull \hbox (18.91096pt too wide) in paragraph at lines 7--8
\OT1/cmr/m/it/10 koga
 []


Overfull \hbox (11.75548pt too wide) in paragraph at lines 7--8
\OT1/cmr/m/it/10 pi-
 []


Overfull \hbox (17.88876pt too wide) in paragraph at lines 7--8
\OT1/cmr/m/it/10 tati.
 []


Overfull \hbox (30.15536pt too wide) in paragraph at lines 7--8
\OT1/cmr/m/it/10 Ovako,
 []


Overfull \hbox (14.311pt too wide) in paragraph at lines 7--8
\OT1/cmr/m/it/10 ^^Tcak
 []


Overfull \hbox (3.06665pt too wide) in paragraph at lines 7--8
\OT1/cmr/m/it/10 i
 []


Overfull \hbox (14.82213pt too wide) in paragraph at lines 7--8
\OT1/cmr/m/it/10 ako
 []


Overfull \hbox (8.17773pt too wide) in paragraph at lines 7--8
\OT1/cmr/m/it/10 ih
 []


Overfull \hbox (7.66661pt too wide) in paragraph at lines 7--8
\OT1/cmr/m/it/10 je
 []


Overfull \hbox (21.08319pt too wide) in paragraph at lines 7--8
\OT1/cmr/m/it/10 sram
 []


Overfull \hbox (36.28864pt too wide) in paragraph at lines 7--8
\OT1/cmr/m/it/10 postaviti
 []


Overfull \hbox (11.75548pt too wide) in paragraph at lines 7--8
\OT1/cmr/m/it/10 pi-
 []


Overfull \hbox (21.72208pt too wide) in paragraph at lines 7--8
\OT1/cmr/m/it/10 tanje
 []


Overfull \hbox (17.37766pt too wide) in paragraph at lines 7--8
\OT1/cmr/m/it/10 koje
 []


Overfull \hbox (11.24438pt too wide) in paragraph at lines 7--8
\OT1/cmr/m/it/10 im
 []


Overfull \hbox (8.68883pt too wide) in paragraph at lines 7--8
\OT1/cmr/m/it/10 se
 []


Overfull \hbox (16.35545pt too wide) in paragraph at lines 7--8
\OT1/cmr/m/it/10 ^^Tcini
 []


Overfull \hbox (25.29984pt too wide) in paragraph at lines 7--8
\OT1/cmr/m/it/10 glupo,
 []


Overfull \hbox (24.14984pt too wide) in paragraph at lines 7--8
\OT1/cmr/m/it/10 prim-
 []


Overfull \hbox (23.63869pt too wide) in paragraph at lines 7--8
\OT1/cmr/m/it/10 jerice
 []


Overfull \hbox (27.6554pt too wide) in paragraph at lines 7--8
\OT1/cmr/m/it/10 "Kako
 []


Overfull \hbox (30.66647pt too wide) in paragraph at lines 7--8
\OT1/cmr/m/it/10 skuhati
 []


Overfull \hbox (22.61649pt too wide) in paragraph at lines 7--8
\OT1/cmr/m/it/10 hren-
 []


Overfull \hbox (32.23312pt too wide) in paragraph at lines 7--8
\OT1/cmr/m/it/10 ovke?",
 []


Overfull \hbox (22.7443pt too wide) in paragraph at lines 7--8
\OT1/cmr/m/it/10 mogu
 []


Overfull \hbox (9.71104pt too wide) in paragraph at lines 7--8
\OT1/cmr/m/it/10 ga
 []


Overfull \hbox (36.28864pt too wide) in paragraph at lines 7--8
\OT1/cmr/m/it/10 postaviti
 []


Overfull \hbox (25.0443pt too wide) in paragraph at lines 7--8
\OT1/cmr/m/it/10 anon-
 []


Overfull \hbox (25.04431pt too wide) in paragraph at lines 7--8
\OT1/cmr/m/it/10 imno. 
 []


! LaTeX Error: The font size command \normalsize is not defined:
               there is probably something wrong with the class file.

See the LaTeX manual or LaTeX Companion for explanation.
Type  H <return>  for immediate help.
 ...                                              
                                                  
l.8 		
      
Your command was ignored.
Type  I <command> <return>  to replace it with another command,
or  <return>  to continue without it.

[1{C:/Users/Dunja/AppData/Local/MiKTeX/fonts/map/pdftex/pdftex.map}]
! Undefined control sequence.
l.9 		\section
              {Postojeća slična rješenja}
The control sequence at the end of the top line
of your error message was never \def'ed. If you have
misspelled it (e.g., `\hobx'), type `I' and the correct
spelling (e.g., `I\hbox'). Otherwise just continue,
and I'll forget about whatever was undefined.


! LaTeX Error: Missing \begin{document}.

See the LaTeX manual or LaTeX Companion for explanation.
Type  H <return>  for immediate help.
 ...                                              
                                                  
l.9 		\section{P
                ostojeća slična rješenja}
You're in trouble here.  Try typing  <return>  to proceed.
If that doesn't work, type  X <return>  to quit.

Missing character: There is no P in font nullfont!
Missing character: There is no o in font nullfont!
Missing character: There is no s in font nullfont!
Missing character: There is no t in font nullfont!
Missing character: There is no o in font nullfont!
Missing character: There is no j in font nullfont!
Missing character: There is no e in font nullfont!
LaTeX Font Info:    Trying to load font information for +cmr on input line 9.
LaTeX Font Info:    No file cmr.fd. on input line 9.

LaTeX Font Warning: Font shape `/cmr/m/n' undefined
(Font)              using `/cmr/m/n' instead on input line 9.

! Corrupted NFSS tables.
wrong@fontshape ...message {Corrupted NFSS tables}
                                                  error@fontshape else let f...
l.9 		\section{Postojeć
                        a slična rješenja}
This error message was generated by an \errmessage
command, so I can't give any explicit help.
Pretend that you're Hercule Poirot: Examine all clues,
and deduce the truth by order and method.


LaTeX Font Warning: Font shape `/cmr/m/n' undefined
(Font)              using `OT1/cmr/m/n' instead on input line 9.

Missing character: There is no a in font nullfont!
Missing character: There is no s in font nullfont!
Missing character: There is no l in font nullfont!
Missing character: There is no i in font nullfont!
Missing character: There is no n in font nullfont!
Missing character: There is no a in font nullfont!
Missing character: There is no r in font nullfont!
Missing character: There is no j in font nullfont!
Missing character: There is no e in font nullfont!
Missing character: There is no e in font nullfont!
Missing character: There is no n in font nullfont!
Missing character: There is no j in font nullfont!
Missing character: There is no a in font nullfont!

Overfull \hbox (29.44446pt too wide) in paragraph at lines 9--10
[]\/cmr/m/n/10 ^^Sc
 []


Overfull \hbox (4.44444pt too wide) in paragraph at lines 9--10
\/cmr/m/n/10 ^^Tc
 []


Overfull \hbox (3.94444pt too wide) in paragraph at lines 9--10
\/cmr/m/n/10 ^^Ts 
 []

)
Runaway argument?
{Trenutno se na bespućima Interneta nalazi nekolicina platformi koje\ETC.
! File ended while scanning use of \textit .
<inserted text> 
                \par 
<*> ./Opis_projektnog_zadatka.tex
                                 
I suspect you have forgotten a `}', causing me
to read past where you wanted me to stop.
I'll try to recover; but if the error is serious,
you'd better type `E' or `X' now and fix your file.

! Emergency stop.
<*> ./Opis_projektnog_zadatka.tex
                                 
*** (job aborted, no legal \end found)

 
Here is how much of TeX's memory you used:
 44 strings out of 475247
 818 string characters out of 5757791
 1924785 words of memory out of 5000000
 21664 multiletter control sequences out of 15000+600000
 559082 words of font info for 39 fonts, out of 8000000 for 9000
 1141 hyphenation exceptions out of 8191
 23i,5n,32p,1229b,111s stack positions out of 10000i,1000n,20000p,200000b,200000s
!  ==> Fatal error occurred, no output PDF file produced!
